<?xml version="1.0" encoding="UTF-8"?>
<testsuite xmlns:xsi="http://www.w3.org/2001/XMLSchema-instance" xsi:noNamespaceSchemaLocation="https://maven.apache.org/surefire/maven-surefire-plugin/xsd/surefire-test-report-3.0.xsd" version="3.0" name="com.example.demo.EmpCrudApplicationTests" time="1.915" tests="1" errors="0" skipped="0" failures="0">
  <properties>
[...]
</properties>
  <testcase name="contextLoads" classname="com.example.demo.EmpCrudApplicationTests" time="0.525">
    <system-out><![CDATA[16:05:23.888 [main] INFO org.springframework.test.context.support.AnnotationConfigContextLoaderUtils -- Could not detect default configuration classes for test class [com.example.demo.EmpCrudApplicationTests]: EmpCrudApplicationTests does not declare any static, non-private, non-final, nested classes annotated with @Configuration.
16:05:23.934 [main] INFO org.springframework.boot.test.context.SpringBootTestContextBootstrapper -- Found @SpringBootConfiguration com.example.demo.EmpCrudApplication for test class com.example.demo.EmpCrudApplicationTests

  .   ____          _            __ _ _
 /\\ / ___'_ __ _ _(_)_ __  __ _ \ \ \ \
( ( )\___ | '_ | '_| | '_ \/ _` | \ \ \ \
 \\/  ___)| |_)| | | | | || (_| |  ) ) ) )
  '  |____| .__|_| |_|_| |_\__, | / / / /
 =========|_|==============|___/=/_/_/_/

 :: Spring Boot ::                (v3.3.1)

2024-08-21T16:05:24.141+05:30  INFO 14885 --- [EmpCrud] [           main] c.example.demo.EmpCrudApplicationTests   : Starting EmpCrudApplicationTests using Java 17.0.12 with PID 14885 (started by miracle in /home/miracle/eclipse-workspace/EmpCrud)
2024-08-21T16:05:24.142+05:30  INFO 14885 --- [EmpCrud] [           main] c.example.demo.EmpCrudApplicationTests   : No active profile set, falling back to 1 default profile: "default"
2024-08-21T16:05:24.418+05:30  INFO 14885 --- [EmpCrud] [           main] .s.d.r.c.RepositoryConfigurationDelegate : Bootstrapping Spring Data JDBC repositories in DEFAULT mode.
2024-08-21T16:05:24.428+05:30  INFO 14885 --- [EmpCrud] [           main] .s.d.r.c.RepositoryConfigurationDelegate : Finished Spring Data repository scanning in 7 ms. Found 0 JDBC repository interfaces.
2024-08-21T16:05:24.858+05:30  INFO 14885 --- [EmpCrud] [           main] com.zaxxer.hikari.HikariDataSource       : HikariPool-1 - Starting...
2024-08-21T16:05:25.024+05:30  INFO 14885 --- [EmpCrud] [           main] com.zaxxer.hikari.pool.HikariPool        : HikariPool-1 - Added connection com.mysql.cj.jdbc.ConnectionImpl@71936a92
2024-08-21T16:05:25.025+05:30  INFO 14885 --- [EmpCrud] [           main] com.zaxxer.hikari.HikariDataSource       : HikariPool-1 - Start completed.
2024-08-21T16:05:25.125+05:30  INFO 14885 --- [EmpCrud] [           main] c.example.demo.EmpCrudApplicationTests   : Started EmpCrudApplicationTests in 1.129 seconds (process running for 1.599)
]]></system-out>
  </testcase>
</testsuite>